Illegal input character ','
Parse error: illegal dot in expression
Illegal character ' ' following #
Parse error: illegal dot in expression
Parse error: illegal dot in expression
Parse error: illegal dot in expression
Parse error: illegal dot in expression
Parse error: illegal dot in expression
Parse error: illegal dot in expression
Illegal input character ','
Illegal input character ','
Illegal input character '|'
Illegal input character '|'
Illegal input character '|'
Illegal input character '|'
Illegal input character '{'
Illegal input character '}'
Parse error: illegal dot in expression
Illegal input character '|'
Illegal input character '|'
Illegal input character '{'
Illegal input character '}'
Parse error: illegal dot in expression
Illegal input character '|'
Illegal input character '|'
Illegal input character '{'
Illegal input character '}'
Parse error: illegal dot in expression
Illegal input character '|'
Illegal input character '|'
Illegal input character '{'
Illegal input character '}'
Parse error: illegal dot in expression
Illegal input character '|'
Illegal input character '|'
