microsoft
visual
studio
solution
file
format
version
12
0
visual
studio
14
visualstudioversion
=
14
0
25420
1
minimumvisualstudioversion
=
10
0
40219
1
project
("{FAE04EC0-301F-11D3-BF4B-00C04F79EFBC}")
=
"SPP"
"SPP.csproj"
"{4F525DB2-1C24-4837-A77C-6F052608D371}"
endproject
global
globalsection
(solutionconfigurationplatforms)
=
presolution
debug
x86
=
debug
x86
release
x86
=
release
x86
endglobalsection
globalsection
(projectconfigurationplatforms)
=
postsolution
4
f525db2-1c24-4837-a77c-6f052608d371
debug
x86.activecfg
=
debug
x86
4
f525db2-1c24-4837-a77c-6f052608d371
debug
x86.build.0
=
debug
x86
4
f525db2-1c24-4837-a77c-6f052608d371
release
x86.activecfg
=
release
x86
4
f525db2-1c24-4837-a77c-6f052608d371
release
x86.build.0
=
release
x86
endglobalsection
globalsection
(solutionproperties)
=
presolution
hidesolutionnode
=
false
endglobalsection
endglobal
