Illegal input character '{'
Illegal input character '['
Illegal input character ']'
Illegal input character '{'
Illegal input character '|'
Illegal input character '|'
Illegal input character '['
Illegal input character ']'
Parse error: missing right parenthesis after expression
discarding input until matching right parenthesis
Illegal input character '{'
Illegal input character '}'
Illegal input character ','
Illegal input character '['
Illegal input character ']'
Parse error: missing right parenthesis after expression
discarding input until matching right parenthesis
Illegal input character '{'
Illegal input character '{'
Illegal input character '}'
Illegal input character '}'
Illegal input character '{'
Illegal input character '}'
Illegal input character '}'
Illegal input character '}'
