<project
toolsversion=
"4.0"
defaulttargets=
"Build"
xmlns=
"http://schemas.microsoft.com/developer/msbuild/2003"
>
<propertygroup>
<configuration
condition=
" '$(Configuration)' == '' "
>debug</configuration>
<platform
condition=
" '$(Platform)' == '' "
>x86</platform>
<projectguid>
4
f525db2-1c24-4837-a77c-6f052608d371
</projectguid>
<outputtype>exe</outputtype>
<nostandardlibraries>false</nostandardlibraries>
<assemblyname>spp</assemblyname>
<targetframeworkversion>v4.0</targetframeworkversion>
<targetframeworkprofile>client</targetframeworkprofile>
<filealignment>512</filealignment>
</propertygroup>
<propertygroup
condition=
" '$(Configuration)|$(Platform)' == 'Debug|x86' "
>
<debugsymbols>true</debugsymbols>
<debugtype>full</debugtype>
<optimize>false</optimize>
<outputpath>bin
debug
</outputpath>
<defineconstants>debug
<errorreport>prompt</errorreport>
<warninglevel>4</warninglevel>
<platformtarget>x86</platformtarget>
</propertygroup>
<propertygroup
condition=
" '$(Configuration)|$(Platform)' == 'Release|x86' "
>
<debugtype>pdbonly</debugtype>
<optimize>true</optimize>
<outputpath>bin
release
</outputpath>
<defineconstants>trace</defineconstants>
<errorreport>prompt</errorreport>
<warninglevel>4</warninglevel>
<platformtarget>x86</platformtarget>
</propertygroup>
<propertygroup>
<rootnamespace>spp</rootnamespace>
</propertygroup>
<itemgroup>
<reference
include=
"Microsoft.CSharp"
/>
<reference
include=
"System"
/>
<reference
include=
"System.Core"
/>
<reference
include=
"System.Data"
/>
<reference
include=
"System.Data.DataSetExtensions"
/>
<reference
include=
"System.Xml"
/>
<reference
include=
"System.Xml.Linq"
/>
</itemgroup>
<itemgroup>
<content
include=
".gitattributes"
/>
<content
include=
".gitignore"
/>
</itemgroup>
<itemgroup>
<compile
include=
"Parse\Parser.cs"
/>
<compile
include=
"Parse\Scanner.cs"
/>
<compile
include=
"Special\Begin.cs"
/>
<compile
include=
"Special\Cond.cs"
/>
<compile
include=
"Special\Define.cs"
/>
<compile
include=
"Special\If.cs"
/>
<compile
include=
"Special\Lambda.cs"
/>
<compile
include=
"Special\Let.cs"
/>
<compile
include=
"Special\Quote.cs"
/>
<compile
include=
"Special\Regular.cs"
/>
<compile
include=
"Special\Set.cs"
/>
<compile
include=
"Special\Special.cs"
/>
<compile
include=
"SPP.cs"
/>
<compile
include=
"Tokens\IdentToken.cs"
/>
<compile
include=
"Tokens\IntToken.cs"
/>
<compile
include=
"Tokens\StringToken.cs"
/>
<compile
include=
"Tokens\Token.cs"
/>
<compile
include=
"Tokens\TokenType.cs"
/>
<compile
include=
"Tree\BoolLit.cs"
/>
<compile
include=
"Tree\Cons.cs"
/>
<compile
include=
"Tree\Ident.cs"
/>
<compile
include=
"Tree\IntLit.cs"
/>
<compile
include=
"Tree\Nil.cs"
/>
<compile
include=
"Tree\Node.cs"
/>
<compile
include=
"Tree\StringLit.cs"
/>
</itemgroup>
<itemgroup>
<none
include=
".vs\SPP\v14\.suo"
/>
</itemgroup>
<itemgroup>
<folder
include=
".git\"
/>
</itemgroup>
<import
project=
"$(MSBuildToolsPath)\Microsoft.CSHARP.Targets"
/>
<projectextensions>
<visualstudio
allowexistingfolder=
"true"
/>
</projectextensions>
</project>
